生成启动时间为 2018/8/14 11:32:48。
     1>项目“F:\Project\VS_project\autoLabel\ConsoleApplication1\ConsoleApplication1\ConsoleApplication1.vcxproj”在节点 2 上(Build 个目标)。
     1>ClCompile:
         C:\Program Files (x86)\Microsoft Visual Studio 12.0\VC\bin\x86_amd64\CL.exe /c /Zi /nologo /W3 /WX- /sdl /O2 /Oi /GL /D WIN32 /D NDEBUG /D _CONSOLE /D _LIB /D _UNICODE /D UNICODE /Gm- /EHsc /MT /GS /Gy /fp:precise /Zc:wchar_t /Zc:forScope /Fo"x64\Release\\" /Fd"x64\Release\vc120.pdb" /Gd /TP /errorReport:prompt src\run_tld.cpp
         run_tld.cpp
     1>F:\opencv300\opencv\build\include\opencv2/core/mat.hpp(1965): warning C4819: 该文件包含不能在当前代码页(936)中表示的字符。请将该文件保存为 Unicode 格式以防止数据丢失
     1>F:\opencv300\opencv\build\include\opencv2/core/persistence.hpp : warning C4819: 该文件包含不能在当前代码页(936)中表示的字符。请将该文件保存为 Unicode 格式以防止数据丢失
     1>F:\opencv300\opencv\build\include\opencv2/core/utility.hpp : warning C4819: 该文件包含不能在当前代码页(936)中表示的字符。请将该文件保存为 Unicode 格式以防止数据丢失
       Link:
         C:\Program Files (x86)\Microsoft Visual Studio 12.0\VC\bin\x86_amd64\link.exe /ERRORREPORT:PROMPT /OUT:"F:\Project\VS_project\autoLabel\ConsoleApplication1\x64\Release\ConsoleApplication1.exe" /INCREMENTAL:NO /NOLOGO opencv_ts300.lib opencv_world300.lib IlmImf.lib ippicvmt.lib libjasper.lib libjpeg.lib libpng.lib libtiff.lib libwebp.lib opencv_calib3d300.lib opencv_core300.lib opencv_features2d300.lib opencv_flann300.lib opencv_highgui300.lib opencv_imgcodecs300.lib opencv_imgproc300.lib opencv_ml300.lib opencv_objdetect300.lib opencv_photo300.lib opencv_shape300.lib opencv_stitching300.lib opencv_superres300.lib opencv_video300.lib opencv_videoio300.lib opencv_videostab300.lib zlib.lib kernel32.lib user32.lib gdi32.lib winspool.lib comdlg32.lib advapi32.lib shell32.lib ole32.lib oleaut32.lib uuid.lib odbc32.lib odbccp32.lib /MANIFEST /MANIFESTUAC:"level='asInvoker' uiAccess='false'" /manifest:embed /DEBUG /PDB:"F:\Project\VS_project\autoLabel\ConsoleApplication1\x64\Release\ConsoleApplication1.pdb" /SUBSYSTEM:CONSOLE /OPT:REF /OPT:ICF /LTCG /TLBID:1 /DYNAMICBASE /NXCOMPAT /IMPLIB:"F:\Project\VS_project\autoLabel\ConsoleApplication1\x64\Release\ConsoleApplication1.lib" /MACHINE:X64 x64\Release\FerNNClassifier.obj
         x64\Release\LKTracker.obj
         x64\Release\PatchGenerator.obj
         x64\Release\run_tld.obj
         x64\Release\tinyxml2.obj
         x64\Release\TLD.obj
         x64\Release\tld_utils.obj
         正在生成代码
         已完成代码的生成
         ConsoleApplication1.vcxproj -> F:\Project\VS_project\autoLabel\ConsoleApplication1\x64\Release\ConsoleApplication1.exe
     1>已完成生成项目“F:\Project\VS_project\autoLabel\ConsoleApplication1\ConsoleApplication1\ConsoleApplication1.vcxproj”(Build 个目标)的操作。

生成成功。

已用时间 00:00:02.92
