f:\project\vs_project\autolabel\consoleapplication1\consoleapplication1\x64\debug\vc120.pdb
f:\project\vs_project\autolabel\consoleapplication1\consoleapplication1\x64\debug\vc120.idb
f:\project\vs_project\autolabel\consoleapplication1\consoleapplication1\x64\debug\fernnclassifier.obj
f:\project\vs_project\autolabel\consoleapplication1\consoleapplication1\x64\debug\lktracker.obj
f:\project\vs_project\autolabel\consoleapplication1\consoleapplication1\x64\debug\patchgenerator.obj
f:\project\vs_project\autolabel\consoleapplication1\consoleapplication1\x64\debug\run_tld.obj
f:\project\vs_project\autolabel\consoleapplication1\consoleapplication1\x64\debug\tinyxml2.obj
f:\project\vs_project\autolabel\consoleapplication1\consoleapplication1\x64\debug\tld.obj
f:\project\vs_project\autolabel\consoleapplication1\consoleapplication1\x64\debug\tld_utils.obj
f:\project\vs_project\autolabel\consoleapplication1\x64\debug\consoleapplication1.pdb
f:\project\vs_project\autolabel\consoleapplication1\consoleapplication1\x64\debug\consolea.f284f7d3.tlog\cl.command.1.tlog
f:\project\vs_project\autolabel\consoleapplication1\consoleapplication1\x64\debug\consolea.f284f7d3.tlog\cl.read.1.tlog
f:\project\vs_project\autolabel\consoleapplication1\consoleapplication1\x64\debug\consolea.f284f7d3.tlog\cl.write.1.tlog
f:\project\vs_project\autolabel\consoleapplication1\consoleapplication1\x64\debug\consolea.f284f7d3.tlog\link-cvtres.read.1.tlog
f:\project\vs_project\autolabel\consoleapplication1\consoleapplication1\x64\debug\consolea.f284f7d3.tlog\link-cvtres.write.1.tlog
f:\project\vs_project\autolabel\consoleapplication1\consoleapplication1\x64\debug\consolea.f284f7d3.tlog\link-rc.read.1.tlog
f:\project\vs_project\autolabel\consoleapplication1\consoleapplication1\x64\debug\consolea.f284f7d3.tlog\link-rc.write.1.tlog
f:\project\vs_project\autolabel\consoleapplication1\consoleapplication1\x64\debug\consolea.f284f7d3.tlog\link.command.1.tlog
f:\project\vs_project\autolabel\consoleapplication1\consoleapplication1\x64\debug\consolea.f284f7d3.tlog\link.read.1.tlog
f:\project\vs_project\autolabel\consoleapplication1\consoleapplication1\x64\debug\consolea.f284f7d3.tlog\link.write.1.tlog
