生成启动时间为 2018/6/6 14:36:44。
     1>项目“F:\Project\VS_project\autoLabel\ConsoleApplication1\ConsoleApplication1\ConsoleApplication1.vcxproj”在节点 2 上(Rebuild 个目标)。
     1>ClCompile:
         C:\Program Files (x86)\Microsoft Visual Studio 12.0\VC\bin\x86_amd64\CL.exe /c /Zi /nologo /W3 /WX- /sdl /Od /D WIN32 /D _DEBUG /D _CONSOLE /D _LIB /D _UNICODE /D UNICODE /Gm /EHsc /RTC1 /MTd /GS /fp:precise /Zc:wchar_t /Zc:forScope /Fo"x64\Debug\\" /Fd"x64\Debug\vc120.pdb" /Gd /TP /errorReport:prompt src\FerNNClassifier.cpp src\LKTracker.cpp src\PatchGenerator.cpp src\run_tld.cpp src\tinyxml2.cpp src\TLD.cpp src\tld_utils.cpp
         tld_utils.cpp
     1>F:\opencv300\opencv\build\include\opencv2/core/mat.hpp(1965): warning C4819: 该文件包含不能在当前代码页(936)中表示的字符。请将该文件保存为 Unicode 格式以防止数据丢失
     1>F:\opencv300\opencv\build\include\opencv2/core/persistence.hpp : warning C4819: 该文件包含不能在当前代码页(936)中表示的字符。请将该文件保存为 Unicode 格式以防止数据丢失
     1>F:\opencv300\opencv\build\include\opencv2/core/utility.hpp : warning C4819: 该文件包含不能在当前代码页(936)中表示的字符。请将该文件保存为 Unicode 格式以防止数据丢失
         TLD.cpp
     1>F:\opencv300\opencv\build\include\opencv2/core/mat.hpp(1965): warning C4819: 该文件包含不能在当前代码页(936)中表示的字符。请将该文件保存为 Unicode 格式以防止数据丢失
     1>F:\opencv300\opencv\build\include\opencv2/core/persistence.hpp : warning C4819: 该文件包含不能在当前代码页(936)中表示的字符。请将该文件保存为 Unicode 格式以防止数据丢失
     1>F:\opencv300\opencv\build\include\opencv2/core/utility.hpp : warning C4819: 该文件包含不能在当前代码页(936)中表示的字符。请将该文件保存为 Unicode 格式以防止数据丢失
     1>src\TLD.cpp(42): warning C4244: “=”: 从“int”转换到“float”，可能丢失数据
     1>src\TLD.cpp(706): warning C4244: “初始化”: 从“int”转换到“float”，可能丢失数据
     1>src\TLD.cpp(707): warning C4244: “初始化”: 从“int”转换到“float”，可能丢失数据
         tinyxml2.cpp
         run_tld.cpp
     1>F:\opencv300\opencv\build\include\opencv2/core/mat.hpp(1965): warning C4819: 该文件包含不能在当前代码页(936)中表示的字符。请将该文件保存为 Unicode 格式以防止数据丢失
     1>F:\opencv300\opencv\build\include\opencv2/core/persistence.hpp : warning C4819: 该文件包含不能在当前代码页(936)中表示的字符。请将该文件保存为 Unicode 格式以防止数据丢失
     1>F:\opencv300\opencv\build\include\opencv2/core/utility.hpp : warning C4819: 该文件包含不能在当前代码页(936)中表示的字符。请将该文件保存为 Unicode 格式以防止数据丢失
         PatchGenerator.cpp
     1>F:\opencv300\opencv\build\include\opencv2/core/mat.hpp(1965): warning C4819: 该文件包含不能在当前代码页(936)中表示的字符。请将该文件保存为 Unicode 格式以防止数据丢失
     1>F:\opencv300\opencv\build\include\opencv2/core/persistence.hpp : warning C4819: 该文件包含不能在当前代码页(936)中表示的字符。请将该文件保存为 Unicode 格式以防止数据丢失
     1>F:\opencv300\opencv\build\include\opencv2/core/utility.hpp : warning C4819: 该文件包含不能在当前代码页(936)中表示的字符。请将该文件保存为 Unicode 格式以防止数据丢失
         LKTracker.cpp
     1>F:\opencv300\opencv\build\include\opencv2/core/mat.hpp(1965): warning C4819: 该文件包含不能在当前代码页(936)中表示的字符。请将该文件保存为 Unicode 格式以防止数据丢失
     1>F:\opencv300\opencv\build\include\opencv2/core/persistence.hpp : warning C4819: 该文件包含不能在当前代码页(936)中表示的字符。请将该文件保存为 Unicode 格式以防止数据丢失
     1>F:\opencv300\opencv\build\include\opencv2/core/utility.hpp : warning C4819: 该文件包含不能在当前代码页(936)中表示的字符。请将该文件保存为 Unicode 格式以防止数据丢失
     1>src\LKTracker.cpp(16): warning C4244: “参数”: 从“float”转换到“int”，可能丢失数据
     1>src\LKTracker.cpp(17): warning C4244: “参数”: 从“float”转换到“int”，可能丢失数据
         FerNNClassifier.cpp
     1>F:\opencv300\opencv\build\include\opencv2/core/mat.hpp(1965): warning C4819: 该文件包含不能在当前代码页(936)中表示的字符。请将该文件保存为 Unicode 格式以防止数据丢失
     1>F:\opencv300\opencv\build\include\opencv2/core/persistence.hpp : warning C4819: 该文件包含不能在当前代码页(936)中表示的字符。请将该文件保存为 Unicode 格式以防止数据丢失
     1>F:\opencv300\opencv\build\include\opencv2/core/utility.hpp : warning C4819: 该文件包含不能在当前代码页(936)中表示的字符。请将该文件保存为 Unicode 格式以防止数据丢失
     1>src\FerNNClassifier.cpp(52): warning C4244: “参数”: 从“double”转换到“unsigned __int64”，可能丢失数据
     1>src\FerNNClassifier.cpp(53): warning C4244: “参数”: 从“double”转换到“unsigned __int64”，可能丢失数据
     1>src\FerNNClassifier.cpp(54): warning C4244: “参数”: 从“double”转换到“unsigned __int64”，可能丢失数据
         正在生成代码...
       Link:
         C:\Program Files (x86)\Microsoft Visual Studio 12.0\VC\bin\x86_amd64\link.exe /ERRORREPORT:PROMPT /OUT:"F:\Project\VS_project\autoLabel\ConsoleApplication1\x64\Debug\ConsoleApplication1.exe" /INCREMENTAL /NOLOGO opencv_ts300d.lib opencv_world300d.lib IlmImfd.lib libjasperd.lib libjpegd.lib libpngd.lib libtiffd.lib libwebpd.lib opencv_calib3d300d.lib opencv_core300d.lib opencv_features2d300d.lib opencv_flann300d.lib opencv_highgui300d.lib opencv_imgcodecs300d.lib opencv_imgproc300d.lib opencv_ml300d.lib opencv_objdetect300d.lib opencv_photo300d.lib opencv_shape300d.lib opencv_stitching300d.lib opencv_superres300d.lib opencv_video300d.lib opencv_videoio300d.lib opencv_videostab300d.lib zlibd.lib kernel32.lib user32.lib gdi32.lib winspool.lib comdlg32.lib advapi32.lib shell32.lib ole32.lib oleaut32.lib uuid.lib odbc32.lib odbccp32.lib /MANIFEST /MANIFESTUAC:"level='asInvoker' uiAccess='false'" /manifest:embed /DEBUG /PDB:"F:\Project\VS_project\autoLabel\ConsoleApplication1\x64\Debug\ConsoleApplication1.pdb" /SUBSYSTEM:CONSOLE /TLBID:1 /DYNAMICBASE /NXCOMPAT /IMPLIB:"F:\Project\VS_project\autoLabel\ConsoleApplication1\x64\Debug\ConsoleApplication1.lib" /MACHINE:X64 x64\Debug\FerNNClassifier.obj
         x64\Debug\LKTracker.obj
         x64\Debug\PatchGenerator.obj
         x64\Debug\run_tld.obj
         x64\Debug\tinyxml2.obj
         x64\Debug\TLD.obj
         x64\Debug\tld_utils.obj
         ConsoleApplication1.vcxproj -> F:\Project\VS_project\autoLabel\ConsoleApplication1\x64\Debug\ConsoleApplication1.exe
     1>已完成生成项目“F:\Project\VS_project\autoLabel\ConsoleApplication1\ConsoleApplication1\ConsoleApplication1.vcxproj”(Rebuild 个目标)的操作。

生成成功。

已用时间 00:00:07.60
